<?xml version="1.0" encoding="UTF-8"?>
<!-- Generated by org.testng.reporters.JUnitReportReporter -->
<testsuite skipped="0" hostname="DESKTOP-EFMBFF3" name="json.parsing.DeleteTestData" tests="1" failures="0" timestamp="07 Oct 2018 18:06:25 GMT" time="0.013" errors="0">
  <testcase name="delete_file_test" time="0.013" classname="json.parsing.DeleteTestData"/>
</testsuite> <!-- json.parsing.DeleteTestData -->
