<?xml version="1.0" encoding="UTF-8"?>
<!-- Generated by org.testng.reporters.JUnitReportReporter -->
<testsuite skipped="0" hostname="DESKTOP-EFMBFF3" name="json.parsing.JsonWritingExample" tests="1" failures="0" timestamp="07 Oct 2018 17:03:08 GMT" time="0.001" errors="0">
  <testcase name="json_write_test" time="0.001" classname="json.parsing.JsonWritingExample"/>
</testsuite> <!-- json.parsing.JsonWritingExample -->
