<?xml version="1.0" encoding="UTF-8"?>
<!-- Generated by org.testng.reporters.JUnitReportReporter -->
<testsuite skipped="0" hostname="DESKTOP-EFMBFF3" name="api.testing.PostExamples" tests="2" failures="0" timestamp="07 Oct 2018 17:03:08 GMT" time="0.203" errors="0">
  <testcase name="create_posttest" time="0.106" classname="api.testing.PostExamples"/>
  <testcase name="create_posttest1" time="0.097" classname="api.testing.PostExamples"/>
</testsuite> <!-- api.testing.PostExamples -->
