<?xml version="1.0" encoding="UTF-8"?>
<!-- Generated by org.testng.reporters.JUnitReportReporter -->
<testsuite skipped="0" hostname="DESKTOP-EFMBFF3" name="api.testing.DeleteExamples" tests="2" failures="0" timestamp="07 Oct 2018 17:03:08 GMT" time="0.082" errors="0">
  <testcase name="delete_test" time="0.043" classname="api.testing.DeleteExamples"/>
  <testcase name="delete_test1" time="0.039" classname="api.testing.DeleteExamples"/>
</testsuite> <!-- api.testing.DeleteExamples -->
