<?xml version="1.0" encoding="UTF-8"?>
<!-- Generated by org.testng.reporters.JUnitReportReporter -->
<testsuite skipped="0" hostname="DESKTOP-EFMBFF3" name="api.testing.OptionsExamples" tests="1" failures="0" timestamp="07 Oct 2018 17:03:08 GMT" time="0.020" errors="0">
  <testcase name="options_test" time="0.020" classname="api.testing.OptionsExamples"/>
</testsuite> <!-- api.testing.OptionsExamples -->
