<?xml version="1.0" encoding="UTF-8"?>
<!-- Generated by org.testng.reporters.JUnitReportReporter -->
<testsuite skipped="0" hostname="DESKTOP-EFMBFF3" name="api.testing.GetExamples" tests="2" failures="0" timestamp="07 Oct 2018 17:03:08 GMT" time="2.728" errors="0">
  <testcase name="simple_getTest" time="2.621" classname="api.testing.GetExamples"/>
  <testcase name="simple_getTest1" time="0.107" classname="api.testing.GetExamples"/>
</testsuite> <!-- api.testing.GetExamples -->
