<?xml version="1.0" encoding="UTF-8"?>
<!-- Generated by org.testng.reporters.JUnitReportReporter -->
<testsuite skipped="0" hostname="DESKTOP-EFMBFF3" name="json.parsing.JsonReadExample" tests="1" failures="0" timestamp="07 Oct 2018 17:03:08 GMT" time="0.007" errors="0">
  <testcase name="json_read_test" time="0.007" classname="json.parsing.JsonReadExample"/>
</testsuite> <!-- json.parsing.JsonReadExample -->
