<?xml version="1.0" encoding="UTF-8"?>
<!-- Generated by org.testng.reporters.JUnitReportReporter -->
<testsuite skipped="0" hostname="DESKTOP-EFMBFF3" name="api.testing.PutExamples" tests="2" failures="0" timestamp="07 Oct 2018 17:03:08 GMT" time="0.137" errors="0">
  <testcase name="update_put_test1" time="0.059" classname="api.testing.PutExamples"/>
  <testcase name="update_put_test" time="0.078" classname="api.testing.PutExamples"/>
</testsuite> <!-- api.testing.PutExamples -->
