<?xml version="1.0" encoding="UTF-8"?>
<testsuite xmlns:xsi="http://www.w3.org/2001/XMLSchema-instance" xsi:noNamespaceSchemaLocation="https://maven.apache.org/surefire/maven-surefire-plugin/xsd/surefire-test-report.xsd" name="TestSuite" time="3.972" tests="12" errors="0" skipped="0" failures="0">
  <properties>
    <property name="sun.desktop" value="windows"/>
    <property name="awt.toolkit" value="sun.awt.windows.WToolkit"/>
    <property name="file.encoding.pkg" value="sun.io"/>
    <property name="java.specification.version" value="1.8"/>
    <property name="sun.cpu.isalist" value="amd64"/>
    <property name="sun.jnu.encoding" value="Cp1252"/>
    <property name="java.class.path" value="C:\Users\Ashwini\Desktop\My Data\LearnAutomation\api.testing\target\test-classes;C:\Users\Ashwini\Desktop\My Data\LearnAutomation\api.testing\target\classes;C:\WINDOWS\system32\config\systemprofile\.m2\repository\io\rest-assured\rest-assured\3.1.0\rest-assured-3.1.0.jar;C:\WINDOWS\system32\config\systemprofile\.m2\repository\org\codehaus\groovy\groovy\2.4.12\groovy-2.4.12.jar;C:\WINDOWS\system32\config\systemprofile\.m2\repository\org\codehaus\groovy\groovy-xml\2.4.12\groovy-xml-2.4.12.jar;C:\WINDOWS\system32\config\systemprofile\.m2\repository\org\apache\httpcomponents\httpclient\4.5.3\httpclient-4.5.3.jar;C:\WINDOWS\system32\config\systemprofile\.m2\repository\org\apache\httpcomponents\httpcore\4.4.6\httpcore-4.4.6.jar;C:\WINDOWS\system32\config\systemprofile\.m2\repository\commons-logging\commons-logging\1.2\commons-logging-1.2.jar;C:\WINDOWS\system32\config\systemprofile\.m2\repository\commons-codec\commons-codec\1.9\commons-codec-1.9.jar;C:\WINDOWS\system32\config\systemprofile\.m2\repository\org\apache\httpcomponents\httpmime\4.5.1\httpmime-4.5.1.jar;C:\WINDOWS\system32\config\systemprofile\.m2\repository\org\hamcrest\hamcrest-core\1.3\hamcrest-core-1.3.jar;C:\WINDOWS\system32\config\systemprofile\.m2\repository\org\hamcrest\hamcrest-library\1.3\hamcrest-library-1.3.jar;C:\WINDOWS\system32\config\systemprofile\.m2\repository\org\ccil\cowan\tagsoup\tagsoup\1.2.1\tagsoup-1.2.1.jar;C:\WINDOWS\system32\config\systemprofile\.m2\repository\io\rest-assured\json-path\3.1.0\json-path-3.1.0.jar;C:\WINDOWS\system32\config\systemprofile\.m2\repository\org\codehaus\groovy\groovy-json\2.4.12\groovy-json-2.4.12.jar;C:\WINDOWS\system32\config\systemprofile\.m2\repository\io\rest-assured\rest-assured-common\3.1.0\rest-assured-common-3.1.0.jar;C:\WINDOWS\system32\config\systemprofile\.m2\repository\io\rest-assured\xml-path\3.1.0\xml-path-3.1.0.jar;C:\WINDOWS\system32\config\systemprofile\.m2\repository\org\apache\commons\commons-lang3\3.4\commons-lang3-3.4.jar;C:\WINDOWS\system32\config\systemprofile\.m2\repository\javax\xml\bind\jaxb-api\2.2.12\jaxb-api-2.2.12.jar;C:\WINDOWS\system32\config\systemprofile\.m2\repository\org\testng\testng\6.14.3\testng-6.14.3.jar;C:\WINDOWS\system32\config\systemprofile\.m2\repository\com\beust\jcommander\1.72\jcommander-1.72.jar;C:\WINDOWS\system32\config\systemprofile\.m2\repository\org\apache-extras\beanshell\bsh\2.0b6\bsh-2.0b6.jar;C:\WINDOWS\system32\config\systemprofile\.m2\repository\org\codehaus\groovy\groovy-all\2.4.5\groovy-all-2.4.5.jar;C:\WINDOWS\system32\config\systemprofile\.m2\repository\org\json\json\20180813\json-20180813.jar;C:\WINDOWS\system32\config\systemprofile\.m2\repository\com\googlecode\json-simple\json-simple\1.1\json-simple-1.1.jar;C:\WINDOWS\system32\config\systemprofile\.m2\repository\org\apache\maven\surefire\surefire-testng-utils\2.22.0\surefire-testng-utils-2.22.0.jar;C:\WINDOWS\system32\config\systemprofile\.m2\repository\org\apache\maven\surefire\surefire-grouper\2.22.0\surefire-grouper-2.22.0.jar;"/>
    <property name="java.vm.vendor" value="Oracle Corporation"/>
    <property name="sun.arch.data.model" value="64"/>
    <property name="user.variant" value=""/>
    <property name="java.vendor.url" value="http://java.oracle.com/"/>
    <property name="user.timezone" value="Asia/Calcutta"/>
    <property name="java.vm.specification.version" value="1.8"/>
    <property name="os.name" value="Windows 10"/>
    <property name="user.country" value="IN"/>
    <property name="sun.java.launcher" value="SUN_STANDARD"/>
    <property name="sun.boot.library.path" value="C:\Program Files\Java\jdk1.8.0_172\jre\bin"/>
    <property name="sun.java.command" value="C:\WINDOWS\TEMP\surefire5855471925565926866\surefirebooter2510128210395084772.jar C:\Windows\Temp\surefire5855471925565926866 2018-10-07T22-33-02_598-jvmRun1 surefire8949681957769587828tmp surefire_03788707255984873112tmp"/>
    <property name="surefire.test.class.path" value="C:\Users\Ashwini\Desktop\My Data\LearnAutomation\api.testing\target\test-classes;C:\Users\Ashwini\Desktop\My Data\LearnAutomation\api.testing\target\classes;C:\WINDOWS\system32\config\systemprofile\.m2\repository\io\rest-assured\rest-assured\3.1.0\rest-assured-3.1.0.jar;C:\WINDOWS\system32\config\systemprofile\.m2\repository\org\codehaus\groovy\groovy\2.4.12\groovy-2.4.12.jar;C:\WINDOWS\system32\config\systemprofile\.m2\repository\org\codehaus\groovy\groovy-xml\2.4.12\groovy-xml-2.4.12.jar;C:\WINDOWS\system32\config\systemprofile\.m2\repository\org\apache\httpcomponents\httpclient\4.5.3\httpclient-4.5.3.jar;C:\WINDOWS\system32\config\systemprofile\.m2\repository\org\apache\httpcomponents\httpcore\4.4.6\httpcore-4.4.6.jar;C:\WINDOWS\system32\config\systemprofile\.m2\repository\commons-logging\commons-logging\1.2\commons-logging-1.2.jar;C:\WINDOWS\system32\config\systemprofile\.m2\repository\commons-codec\commons-codec\1.9\commons-codec-1.9.jar;C:\WINDOWS\system32\config\systemprofile\.m2\repository\org\apache\httpcomponents\httpmime\4.5.1\httpmime-4.5.1.jar;C:\WINDOWS\system32\config\systemprofile\.m2\repository\org\hamcrest\hamcrest-core\1.3\hamcrest-core-1.3.jar;C:\WINDOWS\system32\config\systemprofile\.m2\repository\org\hamcrest\hamcrest-library\1.3\hamcrest-library-1.3.jar;C:\WINDOWS\system32\config\systemprofile\.m2\repository\org\ccil\cowan\tagsoup\tagsoup\1.2.1\tagsoup-1.2.1.jar;C:\WINDOWS\system32\config\systemprofile\.m2\repository\io\rest-assured\json-path\3.1.0\json-path-3.1.0.jar;C:\WINDOWS\system32\config\systemprofile\.m2\repository\org\codehaus\groovy\groovy-json\2.4.12\groovy-json-2.4.12.jar;C:\WINDOWS\system32\config\systemprofile\.m2\repository\io\rest-assured\rest-assured-common\3.1.0\rest-assured-common-3.1.0.jar;C:\WINDOWS\system32\config\systemprofile\.m2\repository\io\rest-assured\xml-path\3.1.0\xml-path-3.1.0.jar;C:\WINDOWS\system32\config\systemprofile\.m2\repository\org\apache\commons\commons-lang3\3.4\commons-lang3-3.4.jar;C:\WINDOWS\system32\config\systemprofile\.m2\repository\javax\xml\bind\jaxb-api\2.2.12\jaxb-api-2.2.12.jar;C:\WINDOWS\system32\config\systemprofile\.m2\repository\org\testng\testng\6.14.3\testng-6.14.3.jar;C:\WINDOWS\system32\config\systemprofile\.m2\repository\com\beust\jcommander\1.72\jcommander-1.72.jar;C:\WINDOWS\system32\config\systemprofile\.m2\repository\org\apache-extras\beanshell\bsh\2.0b6\bsh-2.0b6.jar;C:\WINDOWS\system32\config\systemprofile\.m2\repository\org\codehaus\groovy\groovy-all\2.4.5\groovy-all-2.4.5.jar;C:\WINDOWS\system32\config\systemprofile\.m2\repository\org\json\json\20180813\json-20180813.jar;C:\WINDOWS\system32\config\systemprofile\.m2\repository\com\googlecode\json-simple\json-simple\1.1\json-simple-1.1.jar;C:\WINDOWS\system32\config\systemprofile\.m2\repository\org\apache\maven\surefire\surefire-testng-utils\2.22.0\surefire-testng-utils-2.22.0.jar;C:\WINDOWS\system32\config\systemprofile\.m2\repository\org\apache\maven\surefire\surefire-grouper\2.22.0\surefire-grouper-2.22.0.jar;"/>
    <property name="sun.cpu.endian" value="little"/>
    <property name="user.home" value="C:\WINDOWS\system32\config\systemprofile"/>
    <property name="user.language" value="en"/>
    <property name="java.specification.vendor" value="Oracle Corporation"/>
    <property name="java.home" value="C:\Program Files\Java\jdk1.8.0_172\jre"/>
    <property name="basedir" value="C:\Users\Ashwini\Desktop\My Data\LearnAutomation\api.testing"/>
    <property name="file.separator" value="\"/>
    <property name="line.separator" value="&#10;"/>
    <property name="java.vm.specification.vendor" value="Oracle Corporation"/>
    <property name="java.specification.name" value="Java Platform API Specification"/>
    <property name="java.awt.graphicsenv" value="sun.awt.Win32GraphicsEnvironment"/>
    <property name="surefire.real.class.path" value="C:\WINDOWS\TEMP\surefire5855471925565926866\surefirebooter2510128210395084772.jar"/>
    <property name="sun.boot.class.path" value="C:\Program Files\Java\jdk1.8.0_172\jre\lib\resources.jar;C:\Program Files\Java\jdk1.8.0_172\jre\lib\rt.jar;C:\Program Files\Java\jdk1.8.0_172\jre\lib\sunrsasign.jar;C:\Program Files\Java\jdk1.8.0_172\jre\lib\jsse.jar;C:\Program Files\Java\jdk1.8.0_172\jre\lib\jce.jar;C:\Program Files\Java\jdk1.8.0_172\jre\lib\charsets.jar;C:\Program Files\Java\jdk1.8.0_172\jre\lib\jfr.jar;C:\Program Files\Java\jdk1.8.0_172\jre\classes"/>
    <property name="user.script" value=""/>
    <property name="sun.management.compiler" value="HotSpot 64-Bit Tiered Compilers"/>
    <property name="java.runtime.version" value="1.8.0_172-b11"/>
    <property name="user.name" value="DESKTOP-EFMBFF3$"/>
    <property name="path.separator" value=";"/>
    <property name="os.version" value="10.0"/>
    <property name="java.endorsed.dirs" value="C:\Program Files\Java\jdk1.8.0_172\jre\lib\endorsed"/>
    <property name="java.runtime.name" value="Java(TM) SE Runtime Environment"/>
    <property name="file.encoding" value="Cp1252"/>
    <property name="java.vm.name" value="Java HotSpot(TM) 64-Bit Server VM"/>
    <property name="localRepository" value="C:\WINDOWS\system32\config\systemprofile\.m2\repository"/>
    <property name="java.vendor.url.bug" value="http://bugreport.sun.com/bugreport/"/>
    <property name="java.io.tmpdir" value="C:\WINDOWS\TEMP\"/>
    <property name="java.version" value="1.8.0_172"/>
    <property name="user.dir" value="C:\Users\Ashwini\Desktop\My Data\LearnAutomation\api.testing"/>
    <property name="os.arch" value="amd64"/>
    <property name="java.vm.specification.name" value="Java Virtual Machine Specification"/>
    <property name="java.awt.printerjob" value="sun.awt.windows.WPrinterJob"/>
    <property name="sun.os.patch.level" value=""/>
    <property name="java.library.path" value="C:\Program Files\Java\jdk1.8.0_172\jre\bin;C:\WINDOWS\Sun\Java\bin;C:\WINDOWS\system32;C:\WINDOWS;C:\apache-maven-3.5.4/bin;C:\Program Files\Java\jdk1.8.0_172/bin;C:\Program Files\Java\jdk1.8.0_172/bin;C:\Program Files (x86)\Common Files\Oracle\Java\javapath;C:\WINDOWS\system32;C:\WINDOWS;C:\WINDOWS\System32\Wbem;C:\WINDOWS\System32\WindowsPowerShell\v1.0\;C:\WINDOWS\System32\OpenSSH\;C:\Program Files\Intel\WiFi\bin\;C:\Program Files\Common Files\Intel\WirelessCommon\;C:\Program Files\Git\cmd;C:\Program Files\nodejs\;C:\apache-maven-3.5.4\bin;C:\WINDOWS\system32\config\systemprofile\AppData\Local\Microsoft\WindowsApps;."/>
    <property name="java.vm.info" value="mixed mode"/>
    <property name="java.vendor" value="Oracle Corporation"/>
    <property name="java.vm.version" value="25.172-b11"/>
    <property name="java.ext.dirs" value="C:\Program Files\Java\jdk1.8.0_172\jre\lib\ext;C:\WINDOWS\Sun\Java\lib\ext"/>
    <property name="sun.io.unicode.encoding" value="UnicodeLittle"/>
    <property name="java.class.version" value="52.0"/>
  </properties>
  <testcase name="simple_getTest" classname="api.testing.GetExamples" time="2.621"/>
  <testcase name="simple_getTest1" classname="api.testing.GetExamples" time="0.107"/>
  <testcase name="create_posttest" classname="api.testing.PostExamples" time="0.106"/>
  <testcase name="create_posttest1" classname="api.testing.PostExamples" time="0.113"/>
  <testcase name="update_put_test" classname="api.testing.PutExamples" time="0.063"/>
  <testcase name="update_put_test1" classname="api.testing.PutExamples" time="0.059"/>
  <testcase name="delete_test" classname="api.testing.DeleteExamples" time="0.044"/>
  <testcase name="delete_test1" classname="api.testing.DeleteExamples" time="0.039"/>
  <testcase name="options_test" classname="api.testing.OptionsExamples" time="0.022"/>
  <testcase name="json_write_test" classname="json.parsing.JsonWritingExample" time="0.002"/>
  <testcase name="json_read_test" classname="json.parsing.JsonReadExample" time="0.009"/>
  <testcase name="delete_file_test" classname="json.parsing.DeleteTestData" time="0.001"/>
</testsuite>